<?xml version="1.0" encoding="UTF-8"?>
<!-- Generated by org.testng.reporters.JUnitReportReporter -->
<testsuite hostname="DESKTOP-NJMF2GL" failures="0" tests="1" name="TestNG" time="0.010" errors="0" timestamp="2022-07-30T12:42:33 IST" skipped="0">
  <testcase classname="TestNG" name="test1" time="0.010"/>
  <system-out/>
</testsuite> <!-- TestNG -->
