<?xml version="1.0" encoding="UTF-8"?>
<!-- Generated by org.testng.reporters.JUnitReportReporter -->
<testsuite hostname="DESKTOP-NJMF2GL" failures="0" tests="1" name="MouseActions.practice01" time="0.016" errors="0" timestamp="2022-07-27T13:42:27 IST" skipped="0">
  <testcase classname="MouseActions.practice01" name="mouseActionPractice" time="0.016"/>
  <system-out/>
</testsuite> <!-- MouseActions.practice01 -->
