<?xml version="1.0" encoding="UTF-8"?>
<!-- Generated by org.testng.reporters.JUnitReportReporter -->
<testsuite hostname="DESKTOP-NJMF2GL" failures="0" tests="5" name="KeyWords.Priority_Keyword" time="0.022" errors="0" timestamp="2022-07-30T13:54:26 IST" skipped="0">
  <testcase classname="KeyWords.Priority_Keyword" name="testD" time="0.013"/>
  <system-out/>
  <testcase classname="KeyWords.Priority_Keyword" name="testE" time="0.004"/>
  <system-out/>
  <testcase classname="KeyWords.Priority_Keyword" name="testC" time="0.002"/>
  <system-out/>
  <testcase classname="KeyWords.Priority_Keyword" name="testB" time="0.001"/>
  <system-out/>
  <testcase classname="KeyWords.Priority_Keyword" name="testA" time="0.002"/>
  <system-out/>
</testsuite> <!-- KeyWords.Priority_Keyword -->
